<?xml version="1.0" encoding="UTF-8"?>
<!-- Generated by org.testng.reporters.JUnitXMLReporter -->
<testsuite hostname="HCL-PC" name="Search" tests="3" failures="0" timestamp="2 Dec 2016 03:58:30 GMT" time="35.587" errors="0">
  <testcase name="testSearchFunction" time="5.301" classname="tests.TestAPSearchFunction"/>
  <testcase name="testSearchFunction" time="5.951" classname="tests.TestAPSearchFunction"/>
  <testcase name="testSearchFunction" time="3.095" classname="tests.TestAPSearchFunction"/>
</testsuite> <!-- Search -->
