<?xml version="1.0" encoding="UTF-8"?>
<!-- Generated by org.testng.reporters.JUnitXMLReporter -->
<testsuite hostname="HCL-PC" name="SignUp" tests="4" failures="0" timestamp="2 Dec 2016 03:57:55 GMT" time="173.466" errors="0">
  <testcase name="testSignUpPage" time="23.421" classname="tests.TestSignUpPage"/>
  <testcase name="testSignUpPage" time="42.231" classname="tests.TestSignUpPage"/>
  <testcase name="testSignUpPage" time="40.453" classname="tests.TestSignUpPage"/>
  <testcase name="testSignUpPage" time="41.151" classname="tests.TestSignUpPage"/>
</testsuite> <!-- SignUp -->
